0 info it worked if it ends with ok
1 verbose cli [ '/usr/local/bin/node', '/usr/local/bin/npm', 'run', 'deploy' ]
2 info using npm@3.10.3
3 info using node@v6.4.0
4 verbose run-script [ 'predeploy', 'deploy', 'postdeploy' ]
5 info lifecycle hexo-site@0.0.0~predeploy: hexo-site@0.0.0
6 silly lifecycle hexo-site@0.0.0~predeploy: no script for predeploy, continuing
7 info lifecycle hexo-site@0.0.0~deploy: hexo-site@0.0.0
8 verbose lifecycle hexo-site@0.0.0~deploy: unsafe-perm in lifecycle true
9 verbose lifecycle hexo-site@0.0.0~deploy: PATH: /usr/local/lib/node_modules/npm/bin/node-gyp-bin:/Users/xuyan/Documents/my/myHexo/node_modules/.bin:/usr/local/bin:/Library/Frameworks/Python.framework/Versions/3.5/bin:/usr/local/bin:/usr/bin:/bin:/usr/sbin:/sbin:/opt/X11/bin
10 verbose lifecycle hexo-site@0.0.0~deploy: CWD: /Users/xuyan/Documents/my/myHexo
11 silly lifecycle hexo-site@0.0.0~deploy: Args: [ '-c',
11 silly lifecycle   'hexo clean && rm db.json && hexo g && gulp && hexo d && node pushtobaidu.js' ]
12 silly lifecycle hexo-site@0.0.0~deploy: Returned: code: 2  signal: null
13 info lifecycle hexo-site@0.0.0~deploy: Failed to exec deploy script
14 verbose stack Error: hexo-site@0.0.0 deploy: `hexo clean && rm db.json && hexo g && gulp && hexo d && node pushtobaidu.js`
14 verbose stack Exit status 2
14 verbose stack     at EventEmitter.<anonymous> (/usr/local/lib/node_modules/npm/lib/utils/lifecycle.js:242:16)
14 verbose stack     at emitTwo (events.js:106:13)
14 verbose stack     at EventEmitter.emit (events.js:191:7)
14 verbose stack     at ChildProcess.<anonymous> (/usr/local/lib/node_modules/npm/lib/utils/spawn.js:40:14)
14 verbose stack     at emitTwo (events.js:106:13)
14 verbose stack     at ChildProcess.emit (events.js:191:7)
14 verbose stack     at maybeClose (internal/child_process.js:852:16)
14 verbose stack     at Process.ChildProcess._handle.onexit (internal/child_process.js:215:5)
15 verbose pkgid hexo-site@0.0.0
16 verbose cwd /Users/xuyan/Documents/my/myHexo/source/_posts
17 error Darwin 15.0.0
18 error argv "/usr/local/bin/node" "/usr/local/bin/npm" "run" "deploy"
19 error node v6.4.0
20 error npm  v3.10.3
21 error code ELIFECYCLE
22 error hexo-site@0.0.0 deploy: `hexo clean && rm db.json && hexo g && gulp && hexo d && node pushtobaidu.js`
22 error Exit status 2
23 error Failed at the hexo-site@0.0.0 deploy script 'hexo clean && rm db.json && hexo g && gulp && hexo d && node pushtobaidu.js'.
23 error Make sure you have the latest version of node.js and npm installed.
23 error If you do, this is most likely a problem with the hexo-site package,
23 error not with npm itself.
23 error Tell the author that this fails on your system:
23 error     hexo clean && rm db.json && hexo g && gulp && hexo d && node pushtobaidu.js
23 error You can get information on how to open an issue for this project with:
23 error     npm bugs hexo-site
23 error Or if that isn't available, you can get their info via:
23 error     npm owner ls hexo-site
23 error There is likely additional logging output above.
24 verbose exit [ 1, true ]
